[16:51:16.735] Cloning github.com/JustForrest/cream-sicle (Branch: main, Commit: 4ac0e93)
[16:51:16.958] Cloning completed: 222.000ms
[16:51:19.407] Restored build cache from previous deployment (FWr7gCfvfq2UrZzYwM5jD2yh2i4d)
[16:51:19.498] Running build in Washington, D.C., USA (East) – iad1
[16:51:19.925] Running "vercel build"
[16:51:20.283] Vercel CLI 41.3.2
[16:51:20.625] Detected `pnpm-lock.yaml` 9 which may be generated by pnpm@9.x or pnpm@10.x
[16:51:20.626] Using pnpm@10.x based on project creation date
[16:51:20.626] To use pnpm@9.x, manually opt in using corepack (https://vercel.com/docs/deployments/configure-a-build#corepack)
[16:51:20.643] Installing dependencies...
[16:51:21.255] Lockfile is up to date, resolution step is skipped
[16:51:21.337] Already up to date
[16:51:21.642] 
[16:51:21.643] ╭ Warning ─────────────────────────────────────────────────────────────────────╮│                                                                              ││   Ignored build scripts: sharp.                                              ││   Run "pnpm approve-builds" to pick which dependencies should be allowed     ││   to run scripts.                                                            ││                                                                              │╰──────────────────────────────────────────────────────────────────────────────╯
[16:51:21.644] 
[16:51:21.663] Done in 901ms using pnpm v10.6.2
[16:51:21.672] Detected Next.js version: 15.2.2
[16:51:21.683] Running "pnpm run build"
[16:51:21.977] 
[16:51:21.978] > @ build /vercel/path0
[16:51:21.978] > next build
[16:51:21.979] 
[16:51:22.797]  ⨯ Failed to load next.config.js, see more info here https://nextjs.org/docs/messages/next-config-error
[16:51:22.901] 
[16:51:22.902] > Build error occurred
[16:51:22.904] [SyntaxError: Unexpected token '{']
[16:51:22.927]  ELIFECYCLE  Command failed with exit code 1.
[16:51:22.948] Error: Command "pnpm run build" exited with 1
[16:51:23.155] 